<?xml version="1.0" encoding="UTF-8"?>
<!-- Generated by org.testng.reporters.JUnitReportReporter -->
<testsuite hostname="DESKTOP-HN8F590" failures="0" tests="1" name="tests.YoutubeTest" time="85.372" errors="0" timestamp="11 Oct 2020 08:30:01 GMT" skipped="0">
  <testcase classname="tests.YoutubeTest" name="youtubeSearchTest" time="85.372"/>
</testsuite> <!-- tests.YoutubeTest -->
