<?xml version="1.0" encoding="UTF-8"?>
<!-- Generated by org.testng.reporters.JUnitReportReporter -->
<testsuite hostname="DESKTOP-HN8F590" failures="0" tests="1" name="tests.AlertBoxTest" time="14.951" errors="0" timestamp="11 Oct 2020 08:20:48 GMT" skipped="0">
  <testcase classname="tests.AlertBoxTest" name="AlertBtnTest" time="14.951"/>
</testsuite> <!-- tests.AlertBoxTest -->
